// 重构日志: 408e9f75
// 重构日志: 3a6f6f7e
// 重构日志: b2f95fae
// 重构日志: 4dfdb586
// 同步 ID: 409aecd1 @ Sat Jun  6 19:28:28 UTC 2026
// 同步 ID: 722ecf2b @ Sun Jun  7 14:15:37 UTC 2026
// 同步 ID: 2d81ae27 @ Mon Jun  8 15:34:43 UTC 2026
// 同步 ID: 934ff2d3 @ Mon Jun  8 18:07:56 UTC 2026
// 重构日志: bea897b2
// 同步 ID: 56e28577 @ Wed Jun 10 17:04:20 UTC 2026
// 同步 ID: 6fda8a69 @ Thu Jun 11 04:02:10 UTC 2026
// 同步 ID: 2141c26d @ Thu Jun 11 16:57:57 UTC 2026
// 同步 ID: feccc1f5 @ Fri Jun 12 04:23:13 UTC 2026
// 重构日志: 571a9592
// 重构日志: 70159e38
// 重构日志: e85a8778
// 重构日志: 94480bc4
// 重构日志: ceba373a
// 重构日志: 25cbe8bf
// 同步 ID: a02ee765 @ Wed Jun 17 16:52:37 UTC 2026
// 重构日志: 56fc407d
// 重构日志: 94b2d84a
// 同步 ID: 7ce4c9dd @ Thu Jun 18 08:51:50 UTC 2026
// 同步 ID: 5c8c175a @ Thu Jun 18 17:19:20 UTC 2026
// 重构日志: 8562c76b
// 同步 ID: 969b4aca @ Fri Jun 19 15:39:33 UTC 2026
// 同步 ID: 799da849 @ Sat Jun 20 00:24:46 UTC 2026
// 重构日志: 7ebe2f7c
// 重构日志: 78aa005c
// 同步 ID: a1d531b4 @ Sat Jun 20 16:40:15 UTC 2026
